TN:
SF:login.common.js
FN:2,validateEmail
FN:8,verificarCredenciais
FN:35,checkSession
FNF:3
FNH:3
FNDA:6,validateEmail
FNDA:4,verificarCredenciais
FNDA:3,checkSession
DA:3,6
DA:4,6
DA:10,4
DA:11,1
DA:14,3
DA:15,1
DA:20,2
DA:21,1
DA:30,1
DA:36,3
DA:37,2
DA:38,1
DA:40,1
DA:43,1
DA:46,1
LF:15
LH:15
BRDA:10,0,0,1
BRDA:10,0,1,3
BRDA:14,1,0,1
BRDA:14,1,1,2
BRDA:20,2,0,1
BRDA:20,2,1,1
BRDA:20,3,0,2
BRDA:20,3,1,2
BRDA:36,4,0,2
BRDA:36,4,1,1
BRDA:37,5,0,1
BRDA:37,5,1,1
BRF:12
BRH:12
end_of_record
TN:
SF:perfilUtils.js
FN:2,populateUserData
FNF:1
FNH:1
FNDA:1,populateUserData
DA:3,1
DA:4,1
DA:6,1
DA:7,1
DA:9,1
DA:10,1
DA:12,1
DA:13,1
DA:15,1
DA:16,1
DA:20,1
LF:11
LH:11
BRDA:2,0,0,0
BRDA:3,1,0,1
BRDA:3,1,1,0
BRDA:6,2,0,1
BRDA:6,2,1,0
BRDA:9,3,0,1
BRDA:9,3,1,0
BRDA:12,4,0,1
BRDA:12,4,1,0
BRDA:15,5,0,1
BRDA:15,5,1,0
BRF:11
BRH:5
end_of_record
TN:
SF:utils.js
FN:2,filterPets
FN:3,(anonymous_1)
FNF:2
FNH:2
FNDA:5,filterPets
FNDA:15,(anonymous_1)
DA:3,5
DA:4,15
DA:5,6
DA:7,9
DA:8,3
DA:10,6
DA:14,1
LF:7
LH:7
BRDA:4,0,0,6
BRDA:4,0,1,9
BRDA:4,1,0,15
BRDA:4,1,1,9
BRDA:7,2,0,3
BRDA:7,2,1,6
BRDA:7,3,0,9
BRDA:7,3,1,5
BRF:8
BRH:8
end_of_record
TN:
SF:validacoes.common.js
FN:2,validateEmail
FN:7,validatePhone
FNF:2
FNH:2
FNDA:2,validateEmail
FNDA:3,validatePhone
DA:3,2
DA:4,2
DA:8,3
DA:9,3
DA:12,1
LF:5
LH:5
BRDA:9,0,0,3
BRDA:9,0,1,2
BRF:2
BRH:2
end_of_record
